<?xml version="1.0" encoding="UTF-8"?>
<!-- Generated by org.testng.reporters.JUnitXMLReporter -->
<testsuite ignored="0" hostname="Svetlana" failures="0" tests="4" name="Test" time="30.95" errors="0" timestamp="2025-05-19T18:36:53 ADT">
  <testcase classname="testCases.TC015_ProductCompareNumberDDT" name="verifyProductCompareNumberDDT" time="5.505"/>
  <testcase classname="testCases.TC015_ProductCompareNumberDDT" name="verifyProductCompareNumberDDT" time="5.455"/>
  <testcase classname="testCases.TC015_ProductCompareNumberDDT" name="verifyProductCompareNumberDDT" time="5.397"/>
  <testcase classname="testCases.TC015_ProductCompareNumberDDT" name="verifyProductCompareNumberDDT" time="5.441"/>
</testsuite> <!-- Test -->
