<?xml version="1.0" encoding="UTF-8"?>
<!-- Generated by org.testng.reporters.JUnitXMLReporter -->
<testsuite ignored="0" hostname="Svetlana" failures="0" tests="4" name="Test" time="31.902" errors="0" timestamp="2025-05-24T14:37:41 ADT">
  <testcase classname="testCases.TC015_ProductCompareNumberDDT" name="verifyProductCompareNumberDDT" time="5.639"/>
  <testcase classname="testCases.TC015_ProductCompareNumberDDT" name="verifyProductCompareNumberDDT" time="5.544"/>
  <testcase classname="testCases.TC015_ProductCompareNumberDDT" name="verifyProductCompareNumberDDT" time="5.518"/>
  <testcase classname="testCases.TC015_ProductCompareNumberDDT" name="verifyProductCompareNumberDDT" time="5.732"/>
</testsuite> <!-- Test -->
