<?xml version="1.0" encoding="UTF-8"?>
<!-- Generated by org.testng.reporters.JUnitXMLReporter -->
<testsuite ignored="1" hostname="Svetlana" failures="0" tests="2" name="Test" time="22.976" errors="0" timestamp="2025-05-03T16:06:26 ADT">
  <testcase classname="testCases.TC001_AccountRegistrationTest" name="verifyAccountRegistration" time="3.637"/>
  <testcase classname="testCases.TC002_LoginTest" name="verifyLogin" time="1.875"/>
  <testcase classname="testCases.TC003_LoginDDT" name="verifyLoginDDT" time="0.0">
    <ignored/>
  </testcase> <!-- verifyLoginDDT -->
</testsuite> <!-- Test -->
