<?xml version="1.0" encoding="UTF-8"?>
<testng-results ignored="0" total="3" passed="3" failed="0" skipped="0">
  <reporter-output>
  </reporter-output>
  <suite started-at="2025-05-24T16:43:14 ADT" name="Suite" finished-at="2025-05-24T16:43:43 ADT" duration-ms="28289">
    <groups>
      <group name="Master">
        <method signature="TC001_RegistrationTest.verifyAccountRegistration()[pri:0, instance:testCases.TC001_RegistrationTest@27eedb64]" name="verifyAccountRegistration" class="testCases.TC001_RegistrationTest"/>
        <method signature="TC001_RegistrationTest.verifyAccountRegistration()[pri:0, instance:testCases.TC001_RegistrationTest@4ed5eb72]" name="verifyAccountRegistration" class="testCases.TC001_RegistrationTest"/>
        <method signature="TC001_RegistrationTest.verifyAccountRegistration()[pri:0, instance:testCases.TC001_RegistrationTest@19b93fa8]" name="verifyAccountRegistration" class="testCases.TC001_RegistrationTest"/>
      </group> <!-- Master -->
      <group name="Regression">
        <method signature="TC001_RegistrationTest.verifyAccountRegistration()[pri:0, instance:testCases.TC001_RegistrationTest@27eedb64]" name="verifyAccountRegistration" class="testCases.TC001_RegistrationTest"/>
        <method signature="TC001_RegistrationTest.verifyAccountRegistration()[pri:0, instance:testCases.TC001_RegistrationTest@4ed5eb72]" name="verifyAccountRegistration" class="testCases.TC001_RegistrationTest"/>
        <method signature="TC001_RegistrationTest.verifyAccountRegistration()[pri:0, instance:testCases.TC001_RegistrationTest@19b93fa8]" name="verifyAccountRegistration" class="testCases.TC001_RegistrationTest"/>
      </group> <!-- Regression -->
    </groups>
    <test started-at="2025-05-24T16:43:14 ADT" name="chromeTest" finished-at="2025-05-24T16:43:22 ADT" duration-ms="7846">
      <class name="testCases.TC001_RegistrationTest">
        <test-method is-config="true" signature="setup(java.lang.String,java.lang.String)[pri:0, instance:testCases.TC001_RegistrationTest@27eedb64]" started-at="2025-05-24T16:43:15 ADT" name="setup" finished-at="2025-05-24T16:43:19 ADT" duration-ms="3959" status="PASS">
          <params>
            <param index="0">
              <value>
                <![CDATA[windows]]>
              </value>
            </param>
            <param index="1">
              <value>
                <![CDATA[chrome]]>
              </value>
            </param>
          </params>
          <reporter-output>
          </reporter-output>
        </test-method> <!-- setup -->
        <test-method signature="verifyAccountRegistration()[pri:0, instance:testCases.TC001_RegistrationTest@27eedb64]" started-at="2025-05-24T16:43:19 ADT" name="verifyAccountRegistration" finished-at="2025-05-24T16:43:22 ADT" duration-ms="3328" status="PASS">
          <reporter-output>
          </reporter-output>
        </test-method> <!-- verifyAccountRegistration -->
        <test-method is-config="true" signature="tearDown()[pri:0, instance:testCases.TC001_RegistrationTest@27eedb64]" started-at="2025-05-24T16:43:22 ADT" name="tearDown" finished-at="2025-05-24T16:43:22 ADT" duration-ms="278" status="PASS">
          <reporter-output>
          </reporter-output>
        </test-method> <!-- tearDown -->
      </class> <!-- testCases.TC001_RegistrationTest -->
    </test> <!-- chromeTest -->
    <test started-at="2025-05-24T16:43:24 ADT" name="FirefoxTest" finished-at="2025-05-24T16:43:33 ADT" duration-ms="9397">
      <class name="testCases.TC001_RegistrationTest">
        <test-method is-config="true" signature="setup(java.lang.String,java.lang.String)[pri:0, instance:testCases.TC001_RegistrationTest@4ed5eb72]" started-at="2025-05-24T16:43:24 ADT" name="setup" finished-at="2025-05-24T16:43:29 ADT" duration-ms="5522" status="PASS">
          <params>
            <param index="0">
              <value>
                <![CDATA[windows]]>
              </value>
            </param>
            <param index="1">
              <value>
                <![CDATA[firefox]]>
              </value>
            </param>
          </params>
          <reporter-output>
          </reporter-output>
        </test-method> <!-- setup -->
        <test-method signature="verifyAccountRegistration()[pri:0, instance:testCases.TC001_RegistrationTest@4ed5eb72]" started-at="2025-05-24T16:43:29 ADT" name="verifyAccountRegistration" finished-at="2025-05-24T16:43:32 ADT" duration-ms="2644" status="PASS">
          <reporter-output>
          </reporter-output>
        </test-method> <!-- verifyAccountRegistration -->
        <test-method is-config="true" signature="tearDown()[pri:0, instance:testCases.TC001_RegistrationTest@4ed5eb72]" started-at="2025-05-24T16:43:32 ADT" name="tearDown" finished-at="2025-05-24T16:43:33 ADT" duration-ms="1229" status="PASS">
          <reporter-output>
          </reporter-output>
        </test-method> <!-- tearDown -->
      </class> <!-- testCases.TC001_RegistrationTest -->
    </test> <!-- FirefoxTest -->
    <test started-at="2025-05-24T16:43:33 ADT" name="edgeTest" finished-at="2025-05-24T16:43:43 ADT" duration-ms="9560">
      <class name="testCases.TC001_RegistrationTest">
        <test-method is-config="true" signature="setup(java.lang.String,java.lang.String)[pri:0, instance:testCases.TC001_RegistrationTest@19b93fa8]" started-at="2025-05-24T16:43:33 ADT" name="setup" finished-at="2025-05-24T16:43:38 ADT" duration-ms="5082" status="PASS">
          <params>
            <param index="0">
              <value>
                <![CDATA[windows]]>
              </value>
            </param>
            <param index="1">
              <value>
                <![CDATA[edge]]>
              </value>
            </param>
          </params>
          <reporter-output>
          </reporter-output>
        </test-method> <!-- setup -->
        <test-method signature="verifyAccountRegistration()[pri:0, instance:testCases.TC001_RegistrationTest@19b93fa8]" started-at="2025-05-24T16:43:38 ADT" name="verifyAccountRegistration" finished-at="2025-05-24T16:43:41 ADT" duration-ms="3158" status="PASS">
          <reporter-output>
          </reporter-output>
        </test-method> <!-- verifyAccountRegistration -->
        <test-method is-config="true" signature="tearDown()[pri:0, instance:testCases.TC001_RegistrationTest@19b93fa8]" started-at="2025-05-24T16:43:41 ADT" name="tearDown" finished-at="2025-05-24T16:43:43 ADT" duration-ms="1313" status="PASS">
          <reporter-output>
          </reporter-output>
        </test-method> <!-- tearDown -->
      </class> <!-- testCases.TC001_RegistrationTest -->
    </test> <!-- edgeTest -->
  </suite> <!-- Suite -->
</testng-results>
