<?xml version="1.0" encoding="UTF-8"?>
<testng-results ignored="0" total="4" passed="4" failed="0" skipped="0">
  <reporter-output>
  </reporter-output>
  <suite started-at="2025-05-19T18:36:22 ADT" name="Master Suite" finished-at="2025-05-19T18:36:53 ADT" duration-ms="30950">
    <groups>
      <group name="DataDriven">
        <method signature="TC015_ProductCompareNumberDDT.verifyProductCompareNumberDDT(java.lang.String,java.lang.String)[pri:0, instance:testCases.TC015_ProductCompareNumberDDT@27eedb64]" name="verifyProductCompareNumberDDT" class="testCases.TC015_ProductCompareNumberDDT"/>
      </group> <!-- DataDriven -->
    </groups>
    <test started-at="2025-05-19T18:36:22 ADT" name="Test" finished-at="2025-05-19T18:36:53 ADT" duration-ms="30950">
      <class name="testCases.TC015_ProductCompareNumberDDT">
        <test-method is-config="true" signature="setup(java.lang.String,java.lang.String)[pri:0, instance:testCases.TC015_ProductCompareNumberDDT@27eedb64]" started-at="2025-05-19T18:36:22 ADT" name="setup" finished-at="2025-05-19T18:36:30 ADT" duration-ms="8394" status="PASS">
          <params>
            <param index="0">
              <value>
                <![CDATA[windows]]>
              </value>
            </param>
            <param index="1">
              <value>
                <![CDATA[chrome]]>
              </value>
            </param>
          </params>
          <reporter-output>
          </reporter-output>
        </test-method> <!-- setup -->
        <test-method signature="verifyProductCompareNumberDDT(java.lang.String,java.lang.String)[pri:0, instance:testCases.TC015_ProductCompareNumberDDT@27eedb64]" started-at="2025-05-19T18:36:31 ADT" name="verifyProductCompareNumberDDT" data-provider="CompareProductNumber" finished-at="2025-05-19T18:36:36 ADT" duration-ms="5505" status="PASS">
          <params>
            <param index="0">
              <value>
                <![CDATA[HTC Touch HD]]>
              </value>
            </param>
            <param index="1">
              <value>
                <![CDATA[1]]>
              </value>
            </param>
          </params>
          <reporter-output>
          </reporter-output>
        </test-method> <!-- verifyProductCompareNumberDDT -->
        <test-method signature="verifyProductCompareNumberDDT(java.lang.String,java.lang.String)[pri:0, instance:testCases.TC015_ProductCompareNumberDDT@27eedb64]" started-at="2025-05-19T18:36:36 ADT" name="verifyProductCompareNumberDDT" data-provider="CompareProductNumber" finished-at="2025-05-19T18:36:42 ADT" duration-ms="5455" status="PASS">
          <params>
            <param index="0">
              <value>
                <![CDATA[iPhone]]>
              </value>
            </param>
            <param index="1">
              <value>
                <![CDATA[2]]>
              </value>
            </param>
          </params>
          <reporter-output>
          </reporter-output>
        </test-method> <!-- verifyProductCompareNumberDDT -->
        <test-method signature="verifyProductCompareNumberDDT(java.lang.String,java.lang.String)[pri:0, instance:testCases.TC015_ProductCompareNumberDDT@27eedb64]" started-at="2025-05-19T18:36:42 ADT" name="verifyProductCompareNumberDDT" data-provider="CompareProductNumber" finished-at="2025-05-19T18:36:47 ADT" duration-ms="5397" status="PASS">
          <params>
            <param index="0">
              <value>
                <![CDATA[iPod Classic]]>
              </value>
            </param>
            <param index="1">
              <value>
                <![CDATA[3]]>
              </value>
            </param>
          </params>
          <reporter-output>
          </reporter-output>
        </test-method> <!-- verifyProductCompareNumberDDT -->
        <test-method signature="verifyProductCompareNumberDDT(java.lang.String,java.lang.String)[pri:0, instance:testCases.TC015_ProductCompareNumberDDT@27eedb64]" started-at="2025-05-19T18:36:47 ADT" name="verifyProductCompareNumberDDT" data-provider="CompareProductNumber" finished-at="2025-05-19T18:36:52 ADT" duration-ms="5441" status="PASS">
          <params>
            <param index="0">
              <value>
                <![CDATA[Palm Treo Pro]]>
              </value>
            </param>
            <param index="1">
              <value>
                <![CDATA[4]]>
              </value>
            </param>
          </params>
          <reporter-output>
          </reporter-output>
        </test-method> <!-- verifyProductCompareNumberDDT -->
        <test-method is-config="true" signature="tearDown()[pri:0, instance:testCases.TC015_ProductCompareNumberDDT@27eedb64]" started-at="2025-05-19T18:36:52 ADT" name="tearDown" finished-at="2025-05-19T18:36:53 ADT" duration-ms="172" status="PASS">
          <reporter-output>
          </reporter-output>
        </test-method> <!-- tearDown -->
      </class> <!-- testCases.TC015_ProductCompareNumberDDT -->
    </test> <!-- Test -->
  </suite> <!-- Master Suite -->
</testng-results>
