<?xml version="1.0" encoding="UTF-8"?>
<testsuite xmlns:xsi="http://www.w3.org/2001/XMLSchema-instance" xsi:noNamespaceSchemaLocation="https://maven.apache.org/surefire/maven-surefire-plugin/xsd/surefire-test-report.xsd" version="3.0.2" name="TestSuite" time="32.267" tests="4" errors="0" skipped="0" failures="0">
  <properties>
[...]
</properties>
  <testcase name="verifyProductCompareNumberDDT[HTC Touch HD, 1](1)" classname="testCases.TC015_ProductCompareNumberDDT" time="5.511">
    <system-out><![CDATA[2025-05-19 18:36:21 DEBUG TestNG:82 - suiteXmlPath: "C:\Users\ssipl\SeleniumWebDriver_Pavan\OpenCartv.1.2.1\master.xml"
2025-05-19 18:36:30 DEBUG InternalWorkbook:198 - Workbook (readfile) created with reclen=320
2025-05-19 18:36:30 DEBUG InternalWorkbook:332 - exit create workbook from existing file function
2025-05-19 18:36:30 DEBUG HSSFWorkbook:468 - convertLabelRecords called
2025-05-19 18:36:30 DEBUG HSSFWorkbook:487 - convertLabelRecords exit
2025-05-19 18:36:30 DEBUG InternalSheet:336 - sheet createSheet (existing file) exited
2025-05-19 18:36:30 DEBUG HSSFSheet:211 - Time at start of cell creating in HSSF sheet = 1747690590970
2025-05-19 18:36:30 DEBUG HSSFSheet:250 - total sheet cell creation took 8ms
2025-05-19 18:36:30 DEBUG InternalSheet:336 - sheet createSheet (existing file) exited
2025-05-19 18:36:30 DEBUG HSSFSheet:211 - Time at start of cell creating in HSSF sheet = 1747690590978
2025-05-19 18:36:30 DEBUG HSSFSheet:250 - total sheet cell creation took 2ms
2025-05-19 18:36:30 DEBUG InternalSheet:336 - sheet createSheet (existing file) exited
2025-05-19 18:36:30 DEBUG HSSFSheet:211 - Time at start of cell creating in HSSF sheet = 1747690590980
2025-05-19 18:36:30 DEBUG HSSFSheet:250 - total sheet cell creation took 0ms
2025-05-19 18:36:30 DEBUG InternalSheet:336 - sheet createSheet (existing file) exited
2025-05-19 18:36:30 DEBUG HSSFSheet:211 - Time at start of cell creating in HSSF sheet = 1747690590980
2025-05-19 18:36:30 DEBUG HSSFSheet:250 - total sheet cell creation took 2ms
2025-05-19 18:36:30 DEBUG InternalSheet:336 - sheet createSheet (existing file) exited
2025-05-19 18:36:30 DEBUG HSSFSheet:211 - Time at start of cell creating in HSSF sheet = 1747690590982
2025-05-19 18:36:30 DEBUG HSSFSheet:250 - total sheet cell creation took 0ms
2025-05-19 18:36:30 DEBUG InternalWorkbook:198 - Workbook (readfile) created with reclen=320
2025-05-19 18:36:30 DEBUG InternalWorkbook:332 - exit create workbook from existing file function
2025-05-19 18:36:30 DEBUG HSSFWorkbook:468 - convertLabelRecords called
2025-05-19 18:36:30 DEBUG HSSFWorkbook:487 - convertLabelRecords exit
2025-05-19 18:36:30 DEBUG InternalSheet:336 - sheet createSheet (existing file) exited
2025-05-19 18:36:30 DEBUG HSSFSheet:211 - Time at start of cell creating in HSSF sheet = 1747690590986
2025-05-19 18:36:30 DEBUG HSSFSheet:250 - total sheet cell creation took 0ms
2025-05-19 18:36:30 DEBUG InternalSheet:336 - sheet createSheet (existing file) exited
2025-05-19 18:36:30 DEBUG HSSFSheet:211 - Time at start of cell creating in HSSF sheet = 1747690590986
2025-05-19 18:36:30 DEBUG HSSFSheet:250 - total sheet cell creation took 0ms
2025-05-19 18:36:30 DEBUG InternalSheet:336 - sheet createSheet (existing file) exited
2025-05-19 18:36:30 DEBUG HSSFSheet:211 - Time at start of cell creating in HSSF sheet = 1747690590986
2025-05-19 18:36:30 DEBUG HSSFSheet:250 - total sheet cell creation took 0ms
2025-05-19 18:36:30 DEBUG InternalSheet:336 - sheet createSheet (existing file) exited
2025-05-19 18:36:30 DEBUG HSSFSheet:211 - Time at start of cell creating in HSSF sheet = 1747690590986
2025-05-19 18:36:30 DEBUG HSSFSheet:250 - total sheet cell creation took 0ms
2025-05-19 18:36:30 DEBUG InternalSheet:336 - sheet createSheet (existing file) exited
2025-05-19 18:36:30 DEBUG HSSFSheet:211 - Time at start of cell creating in HSSF sheet = 1747690590986
2025-05-19 18:36:30 DEBUG HSSFSheet:250 - total sheet cell creation took 0ms
2025-05-19 18:36:30 DEBUG InternalWorkbook:198 - Workbook (readfile) created with reclen=320
2025-05-19 18:36:30 DEBUG InternalWorkbook:332 - exit create workbook from existing file function
2025-05-19 18:36:30 DEBUG HSSFWorkbook:468 - convertLabelRecords called
2025-05-19 18:36:30 DEBUG HSSFWorkbook:487 - convertLabelRecords exit
2025-05-19 18:36:30 DEBUG InternalSheet:336 - sheet createSheet (existing file) exited
2025-05-19 18:36:30 DEBUG HSSFSheet:211 - Time at start of cell creating in HSSF sheet = 1747690590986
2025-05-19 18:36:30 DEBUG HSSFSheet:250 - total sheet cell creation took 0ms
2025-05-19 18:36:30 DEBUG InternalSheet:336 - sheet createSheet (existing file) exited
2025-05-19 18:36:31 DEBUG HSSFSheet:211 - Time at start of cell creating in HSSF sheet = 1747690591002
2025-05-19 18:36:31 DEBUG HSSFSheet:250 - total sheet cell creation took 0ms
2025-05-19 18:36:31 DEBUG InternalSheet:336 - sheet createSheet (existing file) exited
2025-05-19 18:36:31 DEBUG HSSFSheet:211 - Time at start of cell creating in HSSF sheet = 1747690591002
2025-05-19 18:36:31 DEBUG HSSFSheet:250 - total sheet cell creation took 0ms
2025-05-19 18:36:31 DEBUG InternalSheet:336 - sheet createSheet (existing file) exited
2025-05-19 18:36:31 DEBUG HSSFSheet:211 - Time at start of cell creating in HSSF sheet = 1747690591005
2025-05-19 18:36:31 DEBUG HSSFSheet:250 - total sheet cell creation took 0ms
2025-05-19 18:36:31 DEBUG InternalSheet:336 - sheet createSheet (existing file) exited
2025-05-19 18:36:31 DEBUG HSSFSheet:211 - Time at start of cell creating in HSSF sheet = 1747690591005
2025-05-19 18:36:31 DEBUG HSSFSheet:250 - total sheet cell creation took 0ms
2025-05-19 18:36:31 DEBUG InternalWorkbook:198 - Workbook (readfile) created with reclen=320
2025-05-19 18:36:31 DEBUG InternalWorkbook:332 - exit create workbook from existing file function
2025-05-19 18:36:31 DEBUG HSSFWorkbook:468 - convertLabelRecords called
2025-05-19 18:36:31 DEBUG HSSFWorkbook:487 - convertLabelRecords exit
2025-05-19 18:36:31 DEBUG InternalSheet:336 - sheet createSheet (existing file) exited
2025-05-19 18:36:31 DEBUG HSSFSheet:211 - Time at start of cell creating in HSSF sheet = 1747690591005
2025-05-19 18:36:31 DEBUG HSSFSheet:250 - total sheet cell creation took 0ms
2025-05-19 18:36:31 DEBUG InternalSheet:336 - sheet createSheet (existing file) exited
2025-05-19 18:36:31 DEBUG HSSFSheet:211 - Time at start of cell creating in HSSF sheet = 1747690591005
2025-05-19 18:36:31 DEBUG HSSFSheet:250 - total sheet cell creation took 0ms
2025-05-19 18:36:31 DEBUG InternalSheet:336 - sheet createSheet (existing file) exited
2025-05-19 18:36:31 DEBUG HSSFSheet:211 - Time at start of cell creating in HSSF sheet = 1747690591005
2025-05-19 18:36:31 DEBUG HSSFSheet:250 - total sheet cell creation took 0ms
2025-05-19 18:36:31 DEBUG InternalSheet:336 - sheet createSheet (existing file) exited
2025-05-19 18:36:31 DEBUG HSSFSheet:211 - Time at start of cell creating in HSSF sheet = 1747690591005
2025-05-19 18:36:31 DEBUG HSSFSheet:250 - total sheet cell creation took 0ms
2025-05-19 18:36:31 DEBUG InternalSheet:336 - sheet createSheet (existing file) exited
2025-05-19 18:36:31 DEBUG HSSFSheet:211 - Time at start of cell creating in HSSF sheet = 1747690591005
2025-05-19 18:36:31 DEBUG HSSFSheet:250 - total sheet cell creation took 0ms
2025-05-19 18:36:31 DEBUG InternalWorkbook:198 - Workbook (readfile) created with reclen=320
2025-05-19 18:36:31 DEBUG InternalWorkbook:332 - exit create workbook from existing file function
2025-05-19 18:36:31 DEBUG HSSFWorkbook:468 - convertLabelRecords called
2025-05-19 18:36:31 DEBUG HSSFWorkbook:487 - convertLabelRecords exit
2025-05-19 18:36:31 DEBUG InternalSheet:336 - sheet createSheet (existing file) exited
2025-05-19 18:36:31 DEBUG HSSFSheet:211 - Time at start of cell creating in HSSF sheet = 1747690591021
2025-05-19 18:36:31 DEBUG HSSFSheet:250 - total sheet cell creation took 0ms
2025-05-19 18:36:31 DEBUG InternalSheet:336 - sheet createSheet (existing file) exited
2025-05-19 18:36:31 DEBUG HSSFSheet:211 - Time at start of cell creating in HSSF sheet = 1747690591021
2025-05-19 18:36:31 DEBUG HSSFSheet:250 - total sheet cell creation took 2ms
2025-05-19 18:36:31 DEBUG InternalSheet:336 - sheet createSheet (existing file) exited
2025-05-19 18:36:31 DEBUG HSSFSheet:211 - Time at start of cell creating in HSSF sheet = 1747690591023
2025-05-19 18:36:31 DEBUG HSSFSheet:250 - total sheet cell creation took 0ms
2025-05-19 18:36:31 DEBUG InternalSheet:336 - sheet createSheet (existing file) exited
2025-05-19 18:36:31 DEBUG HSSFSheet:211 - Time at start of cell creating in HSSF sheet = 1747690591023
2025-05-19 18:36:31 DEBUG HSSFSheet:250 - total sheet cell creation took 0ms
2025-05-19 18:36:31 DEBUG InternalSheet:336 - sheet createSheet (existing file) exited
2025-05-19 18:36:31 DEBUG HSSFSheet:211 - Time at start of cell creating in HSSF sheet = 1747690591023
2025-05-19 18:36:31 DEBUG HSSFSheet:250 - total sheet cell creation took 0ms
2025-05-19 18:36:31 DEBUG InternalWorkbook:198 - Workbook (readfile) created with reclen=320
2025-05-19 18:36:31 DEBUG InternalWorkbook:332 - exit create workbook from existing file function
2025-05-19 18:36:31 DEBUG HSSFWorkbook:468 - convertLabelRecords called
2025-05-19 18:36:31 DEBUG HSSFWorkbook:487 - convertLabelRecords exit
2025-05-19 18:36:31 DEBUG InternalSheet:336 - sheet createSheet (existing file) exited
2025-05-19 18:36:31 DEBUG HSSFSheet:211 - Time at start of cell creating in HSSF sheet = 1747690591028
2025-05-19 18:36:31 DEBUG HSSFSheet:250 - total sheet cell creation took 0ms
2025-05-19 18:36:31 DEBUG InternalSheet:336 - sheet createSheet (existing file) exited
2025-05-19 18:36:31 DEBUG HSSFSheet:211 - Time at start of cell creating in HSSF sheet = 1747690591028
2025-05-19 18:36:31 DEBUG HSSFSheet:250 - total sheet cell creation took 0ms
2025-05-19 18:36:31 DEBUG InternalSheet:336 - sheet createSheet (existing file) exited
2025-05-19 18:36:31 DEBUG HSSFSheet:211 - Time at start of cell creating in HSSF sheet = 1747690591028
2025-05-19 18:36:31 DEBUG HSSFSheet:250 - total sheet cell creation took 0ms
2025-05-19 18:36:31 DEBUG InternalSheet:336 - sheet createSheet (existing file) exited
2025-05-19 18:36:31 DEBUG HSSFSheet:211 - Time at start of cell creating in HSSF sheet = 1747690591030
2025-05-19 18:36:31 DEBUG HSSFSheet:250 - total sheet cell creation took 0ms
2025-05-19 18:36:31 DEBUG InternalSheet:336 - sheet createSheet (existing file) exited
2025-05-19 18:36:31 DEBUG HSSFSheet:211 - Time at start of cell creating in HSSF sheet = 1747690591030
2025-05-19 18:36:31 DEBUG HSSFSheet:250 - total sheet cell creation took 0ms
2025-05-19 18:36:31 DEBUG InternalWorkbook:198 - Workbook (readfile) created with reclen=320
2025-05-19 18:36:31 DEBUG InternalWorkbook:332 - exit create workbook from existing file function
2025-05-19 18:36:31 DEBUG HSSFWorkbook:468 - convertLabelRecords called
2025-05-19 18:36:31 DEBUG HSSFWorkbook:487 - convertLabelRecords exit
2025-05-19 18:36:31 DEBUG InternalSheet:336 - sheet createSheet (existing file) exited
2025-05-19 18:36:31 DEBUG HSSFSheet:211 - Time at start of cell creating in HSSF sheet = 1747690591032
2025-05-19 18:36:31 DEBUG HSSFSheet:250 - total sheet cell creation took 0ms
2025-05-19 18:36:31 DEBUG InternalSheet:336 - sheet createSheet (existing file) exited
2025-05-19 18:36:31 DEBUG HSSFSheet:211 - Time at start of cell creating in HSSF sheet = 1747690591034
2025-05-19 18:36:31 DEBUG HSSFSheet:250 - total sheet cell creation took 0ms
2025-05-19 18:36:31 DEBUG InternalSheet:336 - sheet createSheet (existing file) exited
2025-05-19 18:36:31 DEBUG HSSFSheet:211 - Time at start of cell creating in HSSF sheet = 1747690591034
2025-05-19 18:36:31 DEBUG HSSFSheet:250 - total sheet cell creation took 0ms
2025-05-19 18:36:31 DEBUG InternalSheet:336 - sheet createSheet (existing file) exited
2025-05-19 18:36:31 DEBUG HSSFSheet:211 - Time at start of cell creating in HSSF sheet = 1747690591034
2025-05-19 18:36:31 DEBUG HSSFSheet:250 - total sheet cell creation took 0ms
2025-05-19 18:36:31 DEBUG InternalSheet:336 - sheet createSheet (existing file) exited
2025-05-19 18:36:31 DEBUG HSSFSheet:211 - Time at start of cell creating in HSSF sheet = 1747690591034
2025-05-19 18:36:31 DEBUG HSSFSheet:250 - total sheet cell creation took 0ms
2025-05-19 18:36:31 DEBUG InternalWorkbook:198 - Workbook (readfile) created with reclen=320
2025-05-19 18:36:31 DEBUG InternalWorkbook:332 - exit create workbook from existing file function
2025-05-19 18:36:31 DEBUG HSSFWorkbook:468 - convertLabelRecords called
2025-05-19 18:36:31 DEBUG HSSFWorkbook:487 - convertLabelRecords exit
2025-05-19 18:36:31 DEBUG InternalSheet:336 - sheet createSheet (existing file) exited
2025-05-19 18:36:31 DEBUG HSSFSheet:211 - Time at start of cell creating in HSSF sheet = 1747690591036
2025-05-19 18:36:31 DEBUG HSSFSheet:250 - total sheet cell creation took 0ms
2025-05-19 18:36:31 DEBUG InternalSheet:336 - sheet createSheet (existing file) exited
2025-05-19 18:36:31 DEBUG HSSFSheet:211 - Time at start of cell creating in HSSF sheet = 1747690591036
2025-05-19 18:36:31 DEBUG HSSFSheet:250 - total sheet cell creation took 0ms
2025-05-19 18:36:31 DEBUG InternalSheet:336 - sheet createSheet (existing file) exited
2025-05-19 18:36:31 DEBUG HSSFSheet:211 - Time at start of cell creating in HSSF sheet = 1747690591036
2025-05-19 18:36:31 DEBUG HSSFSheet:250 - total sheet cell creation took 0ms
2025-05-19 18:36:31 DEBUG InternalSheet:336 - sheet createSheet (existing file) exited
2025-05-19 18:36:31 DEBUG HSSFSheet:211 - Time at start of cell creating in HSSF sheet = 1747690591036
2025-05-19 18:36:31 DEBUG HSSFSheet:250 - total sheet cell creation took 0ms
2025-05-19 18:36:31 DEBUG InternalSheet:336 - sheet createSheet (existing file) exited
2025-05-19 18:36:31 DEBUG HSSFSheet:211 - Time at start of cell creating in HSSF sheet = 1747690591036
2025-05-19 18:36:31 DEBUG HSSFSheet:250 - total sheet cell creation took 0ms
2025-05-19 18:36:31 DEBUG InternalWorkbook:198 - Workbook (readfile) created with reclen=320
2025-05-19 18:36:31 DEBUG InternalWorkbook:332 - exit create workbook from existing file function
2025-05-19 18:36:31 DEBUG HSSFWorkbook:468 - convertLabelRecords called
2025-05-19 18:36:31 DEBUG HSSFWorkbook:487 - convertLabelRecords exit
2025-05-19 18:36:31 DEBUG InternalSheet:336 - sheet createSheet (existing file) exited
2025-05-19 18:36:31 DEBUG HSSFSheet:211 - Time at start of cell creating in HSSF sheet = 1747690591036
2025-05-19 18:36:31 DEBUG HSSFSheet:250 - total sheet cell creation took 0ms
2025-05-19 18:36:31 DEBUG InternalSheet:336 - sheet createSheet (existing file) exited
2025-05-19 18:36:31 DEBUG HSSFSheet:211 - Time at start of cell creating in HSSF sheet = 1747690591036
2025-05-19 18:36:31 DEBUG HSSFSheet:250 - total sheet cell creation took 0ms
2025-05-19 18:36:31 DEBUG InternalSheet:336 - sheet createSheet (existing file) exited
2025-05-19 18:36:31 DEBUG HSSFSheet:211 - Time at start of cell creating in HSSF sheet = 1747690591036
2025-05-19 18:36:31 DEBUG HSSFSheet:250 - total sheet cell creation took 0ms
2025-05-19 18:36:31 DEBUG InternalSheet:336 - sheet createSheet (existing file) exited
2025-05-19 18:36:31 DEBUG HSSFSheet:211 - Time at start of cell creating in HSSF sheet = 1747690591036
2025-05-19 18:36:31 DEBUG HSSFSheet:250 - total sheet cell creation took 0ms
2025-05-19 18:36:31 DEBUG InternalSheet:336 - sheet createSheet (existing file) exited
2025-05-19 18:36:31 DEBUG HSSFSheet:211 - Time at start of cell creating in HSSF sheet = 1747690591036
2025-05-19 18:36:31 DEBUG HSSFSheet:250 - total sheet cell creation took 0ms
2025-05-19 18:36:31 DEBUG InternalWorkbook:198 - Workbook (readfile) created with reclen=320
2025-05-19 18:36:31 DEBUG InternalWorkbook:332 - exit create workbook from existing file function
2025-05-19 18:36:31 DEBUG HSSFWorkbook:468 - convertLabelRecords called
2025-05-19 18:36:31 DEBUG HSSFWorkbook:487 - convertLabelRecords exit
2025-05-19 18:36:31 DEBUG InternalSheet:336 - sheet createSheet (existing file) exited
2025-05-19 18:36:31 DEBUG HSSFSheet:211 - Time at start of cell creating in HSSF sheet = 1747690591036
2025-05-19 18:36:31 DEBUG HSSFSheet:250 - total sheet cell creation took 0ms
2025-05-19 18:36:31 DEBUG InternalSheet:336 - sheet createSheet (existing file) exited
2025-05-19 18:36:31 DEBUG HSSFSheet:211 - Time at start of cell creating in HSSF sheet = 1747690591036
2025-05-19 18:36:31 DEBUG HSSFSheet:250 - total sheet cell creation took 0ms
2025-05-19 18:36:31 DEBUG InternalSheet:336 - sheet createSheet (existing file) exited
2025-05-19 18:36:31 DEBUG HSSFSheet:211 - Time at start of cell creating in HSSF sheet = 1747690591049
2025-05-19 18:36:31 DEBUG HSSFSheet:250 - total sheet cell creation took 0ms
2025-05-19 18:36:31 DEBUG InternalSheet:336 - sheet createSheet (existing file) exited
2025-05-19 18:36:31 DEBUG HSSFSheet:211 - Time at start of cell creating in HSSF sheet = 1747690591051
2025-05-19 18:36:31 DEBUG HSSFSheet:250 - total sheet cell creation took 0ms
2025-05-19 18:36:31 DEBUG InternalSheet:336 - sheet createSheet (existing file) exited
2025-05-19 18:36:31 DEBUG HSSFSheet:211 - Time at start of cell creating in HSSF sheet = 1747690591052
2025-05-19 18:36:31 DEBUG HSSFSheet:250 - total sheet cell creation took 0ms
2025-05-19 18:36:31 INFO  TC015_ProductCompareNumberDDT:18 - ***** Starting TC015_ProductCompareNumberDDT ***** 
2025-05-19 18:36:31 INFO  TC015_ProductCompareNumberDDT:24 - Product name provided
2025-05-19 18:36:31 INFO  TC015_ProductCompareNumberDDT:26 - Search button clicked
2025-05-19 18:36:33 INFO  TC015_ProductCompareNumberDDT:31 - Compare Product button clicked
2025-05-19 18:36:36 INFO  TC015_ProductCompareNumberDDT:34 - Comparison Product link clicked
2025-05-19 18:36:36 INFO  TC015_ProductCompareNumberDDT:36 - Verify number of products to compare
2025-05-19 18:36:36 INFO  TC015_ProductCompareNumberDDT:41 - Test passed
2025-05-19 18:36:36 INFO  TC015_ProductCompareNumberDDT:47 - ***** Finished TC014_ProductCompareNameDDT *****
]]></system-out>
    <system-err><![CDATA[May 19, 2025 6:36:23 P.M. org.openqa.selenium.devtools.CdpVersionFinder findNearestMatch
WARNING: Unable to find an exact match for CDP version 136, returning the closest version; found: 135; Please update to a Selenium version that supports CDP version 136
]]></system-err>
  </testcase>
  <testcase name="verifyProductCompareNumberDDT[iPhone, 2](2)" classname="testCases.TC015_ProductCompareNumberDDT" time="5.445">
    <system-out><![CDATA[2025-05-19 18:36:36 INFO  TC015_ProductCompareNumberDDT:18 - ***** Starting TC015_ProductCompareNumberDDT ***** 
2025-05-19 18:36:36 INFO  TC015_ProductCompareNumberDDT:24 - Product name provided
2025-05-19 18:36:37 INFO  TC015_ProductCompareNumberDDT:26 - Search button clicked
2025-05-19 18:36:39 INFO  TC015_ProductCompareNumberDDT:31 - Compare Product button clicked
2025-05-19 18:36:42 INFO  TC015_ProductCompareNumberDDT:34 - Comparison Product link clicked
2025-05-19 18:36:42 INFO  TC015_ProductCompareNumberDDT:36 - Verify number of products to compare
2025-05-19 18:36:42 INFO  TC015_ProductCompareNumberDDT:41 - Test passed
2025-05-19 18:36:42 INFO  TC015_ProductCompareNumberDDT:47 - ***** Finished TC014_ProductCompareNameDDT *****
]]></system-out>
  </testcase>
  <testcase name="verifyProductCompareNumberDDT[iPod Classic, 3](3)" classname="testCases.TC015_ProductCompareNumberDDT" time="5.397">
    <system-out><![CDATA[2025-05-19 18:36:42 INFO  TC015_ProductCompareNumberDDT:18 - ***** Starting TC015_ProductCompareNumberDDT ***** 
2025-05-19 18:36:42 INFO  TC015_ProductCompareNumberDDT:24 - Product name provided
2025-05-19 18:36:42 INFO  TC015_ProductCompareNumberDDT:26 - Search button clicked
2025-05-19 18:36:44 INFO  TC015_ProductCompareNumberDDT:31 - Compare Product button clicked
2025-05-19 18:36:47 INFO  TC015_ProductCompareNumberDDT:34 - Comparison Product link clicked
2025-05-19 18:36:47 INFO  TC015_ProductCompareNumberDDT:36 - Verify number of products to compare
2025-05-19 18:36:47 INFO  TC015_ProductCompareNumberDDT:41 - Test passed
2025-05-19 18:36:47 INFO  TC015_ProductCompareNumberDDT:47 - ***** Finished TC014_ProductCompareNameDDT *****
]]></system-out>
  </testcase>
  <testcase name="verifyProductCompareNumberDDT[Palm Treo Pro, 4](4)" classname="testCases.TC015_ProductCompareNumberDDT" time="5.442">
    <system-out><![CDATA[2025-05-19 18:36:47 INFO  TC015_ProductCompareNumberDDT:18 - ***** Starting TC015_ProductCompareNumberDDT ***** 
2025-05-19 18:36:47 INFO  TC015_ProductCompareNumberDDT:24 - Product name provided
2025-05-19 18:36:48 INFO  TC015_ProductCompareNumberDDT:26 - Search button clicked
2025-05-19 18:36:50 INFO  TC015_ProductCompareNumberDDT:31 - Compare Product button clicked
2025-05-19 18:36:52 INFO  TC015_ProductCompareNumberDDT:34 - Comparison Product link clicked
2025-05-19 18:36:52 INFO  TC015_ProductCompareNumberDDT:36 - Verify number of products to compare
2025-05-19 18:36:52 INFO  TC015_ProductCompareNumberDDT:41 - Test passed
2025-05-19 18:36:52 INFO  TC015_ProductCompareNumberDDT:47 - ***** Finished TC014_ProductCompareNameDDT *****
]]></system-out>
  </testcase>
</testsuite>