<?xml version="1.0" encoding="UTF-8"?>
<testsuite xmlns:xsi="http://www.w3.org/2001/XMLSchema-instance" xsi:noNamespaceSchemaLocation="https://maven.apache.org/surefire/maven-surefire-plugin/xsd/surefire-test-report.xsd" version="3.0.2" name="TestSuite" time="22.804" tests="2" errors="0" skipped="0" failures="0">
  <properties>
[...]
</properties>
  <testcase name="verifyAccountRegistration" classname="testCases.TC001_AccountRegistrationTest" time="2.738">
    <system-out><![CDATA[2025-05-07 15:49:07 DEBUG TestNG:82 - suiteXmlPath: "C:\Users\ssipl\SeleniumWebDriver_Pavan\OpenCartv.1.2.1\master.xml"
2025-05-07 15:49:16 INFO  TC001_AccountRegistrationTest:14 - *****Starting TC001_AccountRegistrationTest*****
2025-05-07 15:49:16 INFO  TC001_AccountRegistrationTest:19 - Clicked on MyAccount link
2025-05-07 15:49:18 INFO  TC001_AccountRegistrationTest:21 - Clicked on Register link
2025-05-07 15:49:18 INFO  TC001_AccountRegistrationTest:25 - Providing customer details
2025-05-07 15:49:19 INFO  TC001_AccountRegistrationTest:38 - Validating expected message...
2025-05-07 15:49:19 INFO  TC001_AccountRegistrationTest:54 - Test passed
2025-05-07 15:49:19 INFO  TC001_AccountRegistrationTest:60 - *****Finished TC001_AccountRegistrationTest*****
]]></system-out>
    <system-err><![CDATA[May 07, 2025 3:49:09 P.M. org.openqa.selenium.devtools.CdpVersionFinder findNearestMatch
WARNING: Unable to find an exact match for CDP version 136, returning the closest version; found: 135; Please update to a Selenium version that supports CDP version 136
]]></system-err>
  </testcase>
  <testcase name="verifyLogin" classname="testCases.TC002_LoginTest" time="1.687">
    <system-out><![CDATA[2025-05-07 15:49:27 INFO  TC002_LoginTest:16 - *****Starting TC002_LoginTest*****
2025-05-07 15:49:27 INFO  TC002_LoginTest:21 - Clicked on MyAccount link
2025-05-07 15:49:28 INFO  TC002_LoginTest:23 - Clicked in Login link
2025-05-07 15:49:28 INFO  TC002_LoginTest:25 - Providing credentials
2025-05-07 15:49:28 INFO  TC002_LoginTest:31 - Validating AccountPage displayed
2025-05-07 15:49:29 INFO  TC002_LoginTest:48 - Test passed
2025-05-07 15:49:29 INFO  TC002_LoginTest:58 - *****Finished TC002_LoginTest*****
]]></system-out>
    <system-err><![CDATA[May 07, 2025 3:49:20 P.M. org.openqa.selenium.devtools.CdpVersionFinder findNearestMatch
WARNING: Unable to find an exact match for CDP version 136, returning the closest version; found: 135; Please update to a Selenium version that supports CDP version 136
]]></system-err>
  </testcase>
</testsuite>