<?xml version="1.0" encoding="UTF-8"?>
<testng-results ignored="0" total="4" passed="4" failed="0" skipped="0">
  <reporter-output>
  </reporter-output>
  <suite started-at="2025-05-28T16:03:09 ADT" name="Grid-Docker Suite" finished-at="2025-05-28T16:03:49 ADT" duration-ms="40712">
    <groups>
      <group name="Master">
        <method signature="TC001_RegistrationTest.verifyAccountRegistration()[pri:0, instance:testCases.TC001_RegistrationTest@2783717b]" name="verifyAccountRegistration" class="testCases.TC001_RegistrationTest"/>
        <method signature="TC002_LoginTest.verifyLogin()[pri:0, instance:testCases.TC002_LoginTest@1bb1fde8]" name="verifyLogin" class="testCases.TC002_LoginTest"/>
        <method signature="TC001_RegistrationTest.verifyAccountRegistration()[pri:0, instance:testCases.TC001_RegistrationTest@42a9e5d1]" name="verifyAccountRegistration" class="testCases.TC001_RegistrationTest"/>
        <method signature="TC002_LoginTest.verifyLogin()[pri:0, instance:testCases.TC002_LoginTest@5b080f3a]" name="verifyLogin" class="testCases.TC002_LoginTest"/>
      </group> <!-- Master -->
      <group name="Sanity">
        <method signature="TC002_LoginTest.verifyLogin()[pri:0, instance:testCases.TC002_LoginTest@1bb1fde8]" name="verifyLogin" class="testCases.TC002_LoginTest"/>
        <method signature="TC002_LoginTest.verifyLogin()[pri:0, instance:testCases.TC002_LoginTest@5b080f3a]" name="verifyLogin" class="testCases.TC002_LoginTest"/>
      </group> <!-- Sanity -->
      <group name="Regression">
        <method signature="TC001_RegistrationTest.verifyAccountRegistration()[pri:0, instance:testCases.TC001_RegistrationTest@2783717b]" name="verifyAccountRegistration" class="testCases.TC001_RegistrationTest"/>
        <method signature="TC001_RegistrationTest.verifyAccountRegistration()[pri:0, instance:testCases.TC001_RegistrationTest@42a9e5d1]" name="verifyAccountRegistration" class="testCases.TC001_RegistrationTest"/>
      </group> <!-- Regression -->
    </groups>
    <test started-at="2025-05-28T16:03:09 ADT" name="Linux Chrome" finished-at="2025-05-28T16:03:27 ADT" duration-ms="18113">
      <class name="testCases.TC001_RegistrationTest">
        <test-method is-config="true" signature="setup(java.lang.String,java.lang.String)[pri:0, instance:testCases.TC001_RegistrationTest@2783717b]" started-at="2025-05-28T16:03:09 ADT" name="setup" finished-at="2025-05-28T16:03:15 ADT" duration-ms="5668" status="PASS">
          <params>
            <param index="0">
              <value>
                <![CDATA[linux]]>
              </value>
            </param>
            <param index="1">
              <value>
                <![CDATA[chrome]]>
              </value>
            </param>
          </params>
          <reporter-output>
          </reporter-output>
        </test-method> <!-- setup -->
        <test-method signature="verifyAccountRegistration()[pri:0, instance:testCases.TC001_RegistrationTest@2783717b]" started-at="2025-05-28T16:03:15 ADT" name="verifyAccountRegistration" finished-at="2025-05-28T16:03:19 ADT" duration-ms="3523" status="PASS">
          <reporter-output>
          </reporter-output>
        </test-method> <!-- verifyAccountRegistration -->
        <test-method is-config="true" signature="tearDown()[pri:0, instance:testCases.TC001_RegistrationTest@2783717b]" started-at="2025-05-28T16:03:19 ADT" name="tearDown" finished-at="2025-05-28T16:03:19 ADT" duration-ms="110" status="PASS">
          <reporter-output>
          </reporter-output>
        </test-method> <!-- tearDown -->
      </class> <!-- testCases.TC001_RegistrationTest -->
      <class name="testCases.TC002_LoginTest">
        <test-method is-config="true" signature="setup(java.lang.String,java.lang.String)[pri:0, instance:testCases.TC002_LoginTest@1bb1fde8]" started-at="2025-05-28T16:03:19 ADT" name="setup" finished-at="2025-05-28T16:03:22 ADT" duration-ms="3572" status="PASS">
          <params>
            <param index="0">
              <value>
                <![CDATA[linux]]>
              </value>
            </param>
            <param index="1">
              <value>
                <![CDATA[chrome]]>
              </value>
            </param>
          </params>
          <reporter-output>
          </reporter-output>
        </test-method> <!-- setup -->
        <test-method signature="verifyLogin()[pri:0, instance:testCases.TC002_LoginTest@1bb1fde8]" started-at="2025-05-28T16:03:22 ADT" name="verifyLogin" finished-at="2025-05-28T16:03:27 ADT" duration-ms="4378" status="PASS">
          <reporter-output>
          </reporter-output>
        </test-method> <!-- verifyLogin -->
        <test-method is-config="true" signature="tearDown()[pri:0, instance:testCases.TC002_LoginTest@1bb1fde8]" started-at="2025-05-28T16:03:27 ADT" name="tearDown" finished-at="2025-05-28T16:03:27 ADT" duration-ms="136" status="PASS">
          <reporter-output>
          </reporter-output>
        </test-method> <!-- tearDown -->
      </class> <!-- testCases.TC002_LoginTest -->
    </test> <!-- Linux Chrome -->
    <test started-at="2025-05-28T16:03:28 ADT" name="Linux-Firefox" finished-at="2025-05-28T16:03:49 ADT" duration-ms="21587">
      <class name="testCases.TC001_RegistrationTest">
        <test-method is-config="true" signature="setup(java.lang.String,java.lang.String)[pri:0, instance:testCases.TC001_RegistrationTest@42a9e5d1]" started-at="2025-05-28T16:03:28 ADT" name="setup" finished-at="2025-05-28T16:03:34 ADT" duration-ms="6519" status="PASS">
          <params>
            <param index="0">
              <value>
                <![CDATA[Linux]]>
              </value>
            </param>
            <param index="1">
              <value>
                <![CDATA[firefox]]>
              </value>
            </param>
          </params>
          <reporter-output>
          </reporter-output>
        </test-method> <!-- setup -->
        <test-method signature="verifyAccountRegistration()[pri:0, instance:testCases.TC001_RegistrationTest@42a9e5d1]" started-at="2025-05-28T16:03:34 ADT" name="verifyAccountRegistration" finished-at="2025-05-28T16:03:37 ADT" duration-ms="3005" status="PASS">
          <reporter-output>
          </reporter-output>
        </test-method> <!-- verifyAccountRegistration -->
        <test-method is-config="true" signature="tearDown()[pri:0, instance:testCases.TC001_RegistrationTest@42a9e5d1]" started-at="2025-05-28T16:03:37 ADT" name="tearDown" finished-at="2025-05-28T16:03:38 ADT" duration-ms="863" status="PASS">
          <reporter-output>
          </reporter-output>
        </test-method> <!-- tearDown -->
      </class> <!-- testCases.TC001_RegistrationTest -->
      <class name="testCases.TC002_LoginTest">
        <test-method is-config="true" signature="setup(java.lang.String,java.lang.String)[pri:0, instance:testCases.TC002_LoginTest@5b080f3a]" started-at="2025-05-28T16:03:38 ADT" name="setup" finished-at="2025-05-28T16:03:43 ADT" duration-ms="5066" status="PASS">
          <params>
            <param index="0">
              <value>
                <![CDATA[Linux]]>
              </value>
            </param>
            <param index="1">
              <value>
                <![CDATA[firefox]]>
              </value>
            </param>
          </params>
          <reporter-output>
          </reporter-output>
        </test-method> <!-- setup -->
        <test-method signature="verifyLogin()[pri:0, instance:testCases.TC002_LoginTest@5b080f3a]" started-at="2025-05-28T16:03:43 ADT" name="verifyLogin" finished-at="2025-05-28T16:03:49 ADT" duration-ms="5324" status="PASS">
          <reporter-output>
          </reporter-output>
        </test-method> <!-- verifyLogin -->
        <test-method is-config="true" signature="tearDown()[pri:0, instance:testCases.TC002_LoginTest@5b080f3a]" started-at="2025-05-28T16:03:49 ADT" name="tearDown" finished-at="2025-05-28T16:03:49 ADT" duration-ms="795" status="PASS">
          <reporter-output>
          </reporter-output>
        </test-method> <!-- tearDown -->
      </class> <!-- testCases.TC002_LoginTest -->
    </test> <!-- Linux-Firefox -->
  </suite> <!-- Grid-Docker Suite -->
</testng-results>
