<?xml version="1.0" encoding="UTF-8"?>
<testng-results ignored="0" total="4" passed="3" failed="1" skipped="0">
  <reporter-output>
  </reporter-output>
  <suite started-at="2025-05-19T17:52:38 ADT" name="Master Suite" finished-at="2025-05-19T17:53:09 ADT" duration-ms="31119">
    <groups>
      <group name="DataDriven">
        <method signature="TC015_ProductCompareNumberDDT.verifyProductCompareNumberDDT(java.lang.String,java.lang.String)[pri:0, instance:testCases.TC015_ProductCompareNumberDDT@75e01201]" name="verifyProductCompareNumberDDT" class="testCases.TC015_ProductCompareNumberDDT"/>
      </group> <!-- DataDriven -->
    </groups>
    <test started-at="2025-05-19T17:52:38 ADT" name="Test" finished-at="2025-05-19T17:53:09 ADT" duration-ms="31119">
      <class name="testCases.TC015_ProductCompareNumberDDT">
        <test-method is-config="true" signature="setup(java.lang.String,java.lang.String)[pri:0, instance:testCases.TC015_ProductCompareNumberDDT@75e01201]" started-at="2025-05-19T17:52:38 ADT" name="setup" finished-at="2025-05-19T17:52:46 ADT" duration-ms="8259" status="PASS">
          <params>
            <param index="0">
              <value>
                <![CDATA[windows]]>
              </value>
            </param>
            <param index="1">
              <value>
                <![CDATA[chrome]]>
              </value>
            </param>
          </params>
          <reporter-output>
          </reporter-output>
        </test-method> <!-- setup -->
        <test-method signature="verifyProductCompareNumberDDT(java.lang.String,java.lang.String)[pri:0, instance:testCases.TC015_ProductCompareNumberDDT@75e01201]" started-at="2025-05-19T17:52:47 ADT" name="verifyProductCompareNumberDDT" data-provider="CompareProductNumber" finished-at="2025-05-19T17:52:52 ADT" duration-ms="5519" status="PASS">
          <params>
            <param index="0">
              <value>
                <![CDATA[HTC Touch HD]]>
              </value>
            </param>
            <param index="1">
              <value>
                <![CDATA[1]]>
              </value>
            </param>
          </params>
          <reporter-output>
          </reporter-output>
        </test-method> <!-- verifyProductCompareNumberDDT -->
        <test-method signature="verifyProductCompareNumberDDT(java.lang.String,java.lang.String)[pri:0, instance:testCases.TC015_ProductCompareNumberDDT@75e01201]" started-at="2025-05-19T17:52:52 ADT" name="verifyProductCompareNumberDDT" data-provider="CompareProductNumber" finished-at="2025-05-19T17:52:58 ADT" duration-ms="5439" status="FAIL">
          <params>
            <param index="0">
              <value>
                <![CDATA[iPhone]]>
              </value>
            </param>
            <param index="1">
              <value>
                <![CDATA[1]]>
              </value>
            </param>
          </params>
          <exception class="java.lang.AssertionError">
            <message>
              <![CDATA[Number of products not correct expected [1] but found [2]]]>
            </message>
            <full-stacktrace>
              <![CDATA[java.lang.AssertionError: Number of products not correct expected [1] but found [2]
at org.testng.Assert.fail(Assert.java:111)
at org.testng.Assert.failNotEquals(Assert.java:1590)
at org.testng.Assert.assertEqualsImpl(Assert.java:150)
at org.testng.Assert.assertEquals(Assert.java:132)
at org.testng.Assert.assertEquals(Assert.java:656)
at testCases.TC015_ProductCompareNumberDDT.verifyProductCompareNumberDDT(TC015_ProductCompareNumberDDT.java:40)
at java.base/jdk.internal.reflect.DirectMethodHandleAccessor.invoke(DirectMethodHandleAccessor.java:103)
at java.base/java.lang.reflect.Method.invoke(Method.java:580)
at org.testng.internal.invokers.MethodInvocationHelper.invokeMethod(MethodInvocationHelper.java:141)
at org.testng.internal.invokers.TestInvoker.invokeMethod(TestInvoker.java:687)
at org.testng.internal.invokers.TestInvoker.invokeTestMethod(TestInvoker.java:230)
at org.testng.internal.invokers.MethodRunner.runInSequence(MethodRunner.java:63)
at org.testng.internal.invokers.TestInvoker$MethodInvocationAgent.invoke(TestInvoker.java:995)
at org.testng.internal.invokers.TestInvoker.invokeTestMethods(TestInvoker.java:203)
at org.testng.internal.invokers.TestMethodWorker.invokeTestMethods(TestMethodWorker.java:154)
at org.testng.internal.invokers.TestMethodWorker.run(TestMethodWorker.java:134)
at java.base/java.util.ArrayList.forEach(ArrayList.java:1597)
at org.testng.TestRunner.privateRun(TestRunner.java:741)
at org.testng.TestRunner.run(TestRunner.java:616)
at org.testng.SuiteRunner.runTest(SuiteRunner.java:421)
at org.testng.SuiteRunner.runSequentially(SuiteRunner.java:413)
at org.testng.SuiteRunner.privateRun(SuiteRunner.java:373)
at org.testng.SuiteRunner.run(SuiteRunner.java:312)
at org.testng.SuiteRunnerWorker.runSuite(SuiteRunnerWorker.java:52)
at org.testng.SuiteRunnerWorker.run(SuiteRunnerWorker.java:95)
at org.testng.TestNG.runSuitesSequentially(TestNG.java:1274)
at org.testng.TestNG.runSuitesLocally(TestNG.java:1208)
at org.testng.TestNG.runSuites(TestNG.java:1112)
at org.testng.TestNG.run(TestNG.java:1079)
at org.testng.remote.AbstractRemoteTestNG.run(AbstractRemoteTestNG.java:115)
at org.testng.remote.RemoteTestNG.initAndRun(RemoteTestNG.java:293)
at org.testng.remote.RemoteTestNG.main(RemoteTestNG.java:91)
]]>
            </full-stacktrace>
          </exception> <!-- java.lang.AssertionError -->
          <reporter-output>
          </reporter-output>
        </test-method> <!-- verifyProductCompareNumberDDT -->
        <test-method signature="verifyProductCompareNumberDDT(java.lang.String,java.lang.String)[pri:0, instance:testCases.TC015_ProductCompareNumberDDT@75e01201]" started-at="2025-05-19T17:52:58 ADT" name="verifyProductCompareNumberDDT" data-provider="CompareProductNumber" finished-at="2025-05-19T17:53:03 ADT" duration-ms="5425" status="PASS">
          <params>
            <param index="0">
              <value>
                <![CDATA[iPod Classic]]>
              </value>
            </param>
            <param index="1">
              <value>
                <![CDATA[3]]>
              </value>
            </param>
          </params>
          <reporter-output>
          </reporter-output>
        </test-method> <!-- verifyProductCompareNumberDDT -->
        <test-method signature="verifyProductCompareNumberDDT(java.lang.String,java.lang.String)[pri:0, instance:testCases.TC015_ProductCompareNumberDDT@75e01201]" started-at="2025-05-19T17:53:03 ADT" name="verifyProductCompareNumberDDT" data-provider="CompareProductNumber" finished-at="2025-05-19T17:53:09 ADT" duration-ms="5446" status="PASS">
          <params>
            <param index="0">
              <value>
                <![CDATA[Palm Treo Pro]]>
              </value>
            </param>
            <param index="1">
              <value>
                <![CDATA[4]]>
              </value>
            </param>
          </params>
          <reporter-output>
          </reporter-output>
        </test-method> <!-- verifyProductCompareNumberDDT -->
        <test-method is-config="true" signature="tearDown()[pri:0, instance:testCases.TC015_ProductCompareNumberDDT@75e01201]" started-at="2025-05-19T17:53:09 ADT" name="tearDown" finished-at="2025-05-19T17:53:09 ADT" duration-ms="164" status="PASS">
          <reporter-output>
          </reporter-output>
        </test-method> <!-- tearDown -->
      </class> <!-- testCases.TC015_ProductCompareNumberDDT -->
    </test> <!-- Test -->
  </suite> <!-- Master Suite -->
</testng-results>
